<?xml version="1.0" encoding="UTF-8"?>
<!-- Generated by org.testng.reporters.JUnitXMLReporter -->
<testsuite ignored="0" hostname="DESKTOP-RV9VIUP" failures="1" tests="1" name="LoginTests" time="11.823" errors="0" timestamp="2026-03-14T21:28:53 GMT+03:00">
  <testcase classname="tests.TC001_Login" name="verifySuccessfullLogin" time="2.25">
    <failure type="java.lang.AssertionError" message="expected [true] but found [false]">
      <![CDATA[java.lang.AssertionError: expected [true] but found [false]
at tests.TC001_Login.verifySuccessfullLogin(TC001_Login.java:30)
at java.base/java.util.ArrayList.forEach(ArrayList.java:1604)
at java.base/java.util.concurrent.FutureTask.run(FutureTask.java:328)
at java.base/java.util.concurrent.ThreadPoolExecutor.runWorker(ThreadPoolExecutor.java:1090)
at java.base/java.util.concurrent.ThreadPoolExecutor$Worker.run(ThreadPoolExecutor.java:614)
at java.base/java.lang.Thread.run(Thread.java:1474)
... Removed 19 stack frames]]>
    </failure>
  </testcase> <!-- verifySuccessfullLogin -->
</testsuite> <!-- LoginTests -->
